Command line:
   PS2_to_STER_tb_isim_beh.exe
     -simmode  gui
     -simrunnum  0
     -socket  21514

Sun Mar 12 12:37:45 2017


 Elaboration Time: 0.03125 sec

 Current Memory Usage: 374.71 Meg

 Total Signals          : 25
 Total Nets             : 29
 Total Signal Drivers   : 16
 Total Blocks           : 4
 Total Primitive Blocks : 3
 Total Processes        : 5
 Total Traceable Variables  : 14
 Total Scalar Nets and Variables : 513
Total Line Count : 232

 Total Simulation Time: 0.15625 sec

 Current Memory Usage: 689.291 Meg

Sun Mar 12 12:47:08 2017

